(index):709 DOM loaded
(index):657 Fetching models...
(index):660 Received data: {models: Array(12)}
(index):561 Received summary data: {token: ' \n\n'}
(index):561 Received summary data: {token: '**'}
(index):561 Received summary data: {token: '['}
(index):561 Received summary data: {token: 'Point'}
(index):561 Received summary data: {token: ' '}
(index):561 Received summary data: {token: '1'}
(index):561 Received summary data: {token: ']:'}
(index):561 Received summary data: {token: '**\n'}
(index):561 Received summary data: {token: 'Both'}
(index):561 Received summary data: {token: ' responses'}
(index):561 Received summary data: {token: ' agree'}
(index):561 Received summary data: {token: ' that'}
(index):561 Received summary data: {token: ' Arthur'}
(index):561 Received summary data: {token: ' Sch'}
(index):561 Received summary data: {token: 'openh'}
(index):561 Received summary data: {token: 'auer'}
(index):561 Received summary data: {token: ' viewed'}
(index):561 Received summary data: {token: ' life'}
(index):561 Received summary data: {token: ' as'}
(index):561 Received summary data: {token: ' inherently'}
(index):561 Received summary data: {token: ' suffering'}
(index):561 Received summary data: {token: ' and'}
(index):561 Received summary data: {token: ' dissatisfaction'}
(index):561 Received summary data: {token: '.'}
(index):561 Received summary data: {token: ' They'}
(index):561 Received summary data: {token: ' both'}
(index):561 Received summary data: {token: ' highlight'}
(index):561 Received summary data: {token: ' his'}
(index):561 Received summary data: {token: ' belief'}
(index):561 Received summary data: {token: ' in'}
(index):561 Received summary data: {token: ' the'}
(index):561 Received summary data: {token: ' "'}
(index):561 Received summary data: {token: 'will'}
(index):561 Received summary data: {token: ' to'}
(index):561 Received summary data: {token: ' power'}
(index):561 Received summary data: {token: '"'}
(index):561 Received summary data: {token: ' as'}
(index):561 Received summary data: {token: ' individuals'}
(index):561 Received summary data: {token: ' striving'}
(index):561 Received summary data: {token: ' to'}
(index):561 Received summary data: {token: ' assert'}
(index):561 Received summary data: {token: ' their'}
(index):561 Received summary data: {token: ' existence'}
(index):561 Received summary data: {token: ' and'}
(index):561 Received summary data: {token: ' impose'}
(index):561 Received summary data: {token: ' will'}
(index):561 Received summary data: {token: ' on'}
(index):561 Received summary data: {token: ' the'}
(index):561 Received summary data: {token: ' world'}
(index):561 Received summary data: {token: '.\n\n'}
(index):561 Received summary data: {token: '**'}
(index):561 Received summary data: {token: '['}
(index):561 Received summary data: {token: 'Point'}
(index):561 Received summary data: {token: ' '}
(index):561 Received summary data: {token: '2'}
(index):561 Received summary data: {token: ']:'}
(index):561 Received summary data: {token: '**\n'}
(index):561 Received summary data: {token: 'The'}
(index):561 Received summary data: {token: ' two'}
(index):561 Received summary data: {token: ' responses'}
(index):561 Received summary data: {token: ' also'}
(index):561 Received summary data: {token: ' share'}
(index):561 Received summary data: {token: ' the'}
(index):561 Received summary data: {token: ' idea'}
(index):561 Received summary data: {token: ' that'}
(index):561 Received summary data: {token: ' love'}
(index):561 Received summary data: {token: ' is'}
(index):561 Received summary data: {token: ' often'}
(index):561 Received summary data: {token: ' a'}
(index):561 Received summary data: {token: ' painful'}
(index):561 Received summary data: {token: ' experience'}
(index):561 Received summary data: {token: ','}
(index):561 Received summary data: {token: ' while'}
(index):561 Received summary data: {token: ' hate'}
(index):561 Received summary data: {token: ' can'}
(index):561 Received summary data: {token: ' be'}
(index):561 Received summary data: {token: ' equally'}
(index):561 Received summary data: {token: ' destructive'}
(index):561 Received summary data: {token: '.'}
(index):561 Received summary data: {token: ' This'}
(index):561 Received summary data: {token: ' reflects'}
(index):561 Received summary data: {token: ' Sch'}
(index):561 Received summary data: {token: 'openh'}
(index):561 Received summary data: {token: 'auer'}
(index):561 Received summary data: {token: "'s"}
(index):561 Received summary data: {token: ' view'}
(index):561 Received summary data: {token: ' of'}
(index):561 Received summary data: {token: ' human'}
(index):561 Received summary data: {token: ' relationships'}
(index):561 Received summary data: {token: ' being'}
(index):561 Received summary data: {token: ' driven'}
(index):561 Received summary data: {token: ' by'}
(index):561 Received summary data: {token: ' negative'}
(index):561 Received summary data: {token: ' emotions'}
(index):561 Received summary data: {token: ' rather'}
(index):561 Received summary data: {token: ' than'}
(index):561 Received summary data: {token: ' positive'}
(index):561 Received summary data: {token: ' ones'}
(index):561 Received summary data: {token: '.\n\n'}
(index):561 Received summary data: {token: '**'}
(index):561 Received summary data: {token: '['}
(index):561 Received summary data: {token: 'Point'}
(index):561 Received summary data: {token: ' '}
(index):561 Received summary data: {token: '3'}
(index):561 Received summary data: {token: ']:'}
(index):561 Received summary data: {token: '**\n'}
(index):561 Received summary data: {token: 'Lastly'}
(index):561 Received summary data: {token: ','}
(index):561 Received summary data: {token: ' both'}
(index):561 Received summary data: {token: ' responses'}
(index):561 Received summary data: {token: ' discuss'}
(index):561 Received summary data: {token: ' how'}
(index):561 Received summary data: {token: ' accepting'}
(index):561 Received summary data: {token: ' reality'}
(index):561 Received summary data: {token: ' involves'}
(index):561 Received summary data: {token: ' coping'}
(index):561 Received summary data: {token: ' with'}
(index):561 Received summary data: {token: ' suffering'}
(index):561 Received summary data: {token: ' even'}
(index):561 Received summary data: {token: ' if'}
(index):561 Received summary data: {token: ' it'}
(index):561 Received summary data: {token: ' means'}
(index):561 Received summary data: {token: ' embracing'}
(index):561 Received summary data: {token: ' pessim'}
(index):561 Received summary data: {token: 'ism'}
(index):561 Received summary data: {token: ' as'}
(index):561 Received summary data: {token: ' part'}
(index):561 Received summary data: {token: ' of'}
(index):561 Received summary data: {token: ' life'}
(index):561 Received summary data: {token: "'s"}
(index):561 Received summary data: {token: ' nature'}
(index):561 Received summary data: {token: '.'}
(index):561 Received summary data: {token: ' They'}
(index):561 Received summary data: {token: ' emphasize'}
(index):561 Received summary data: {token: ' finding'}
(index):561 Received summary data: {token: ' ways'}
(index):561 Received summary data: {token: ' to'}
(index):561 Received summary data: {token: ' deal'}
(index):561 Received summary data: {token: ' with'}
(index):561 Received summary data: {token: ' pain'}
(index):561 Received summary data: {token: ' without'}
(index):561 Received summary data: {token: ' denying'}
(index):561 Received summary data: {token: ' its'}
(index):561 Received summary data: {token: ' existence'}
(index):561 Received summary data: {token: ' or'}
(index):561 Received summary data: {token: ' seeking'}
(index):561 Received summary data: {token: ' escape'}
(index):561 Received summary data: {token: ' from'}
(index):561 Received summary data: {token: ' it'}
(index):561 Received summary data: {token: ' through'}
(index):561 Received summary data: {token: ' illusions'}
(index):561 Received summary data: {token: ' or'}
(index):561 Received summary data: {token: ' false'}
(index):561 Received summary data: {token: ' hopes'}
(index):561 Received summary data: {token: ' for'}
(index):561 Received summary data: {token: ' happiness'}
(index):561 Received summary data: {token: '.'}
(index):561 Received summary data: {token: ''}
(index):561 Received summary data: {final_output: {…}}
(index):581 Received final output: {common_points: Array(0), synthesized_summary: 'Summary not found in response'}
