(index):709 DOM loaded
(index):657 Fetching models...
(index):660 Received data: {models: Array(12)}
(index):561 Received summary data: {token: ' Arthur'}
(index):561 Received summary data: {token: ' Sch'}
(index):561 Received summary data: {token: 'openh'}
(index):561 Received summary data: {token: 'auer'}
(index):561 Received summary data: {token: ','}
(index):561 Received summary data: {token: ' one'}
(index):561 Received summary data: {token: ' of'}
(index):561 Received summary data: {token: ' the'}
(index):561 Received summary data: {token: ' most'}
(index):561 Received summary data: {token: ' important'}
(index):561 Received summary data: {token: ' philosophers'}
(index):561 Received summary data: {token: ' of'}
(index):561 Received summary data: {token: ' the'}
(index):561 Received summary data: {token: ' nineteenth'}
(index):561 Received summary data: {token: ' century'}
(index):561 Received summary data: {token: ','}
(index):561 Received summary data: {token: ' had'}
(index):561 Received summary data: {token: ' a'}
(index):561 Received summary data: {token: ' pessim'}
(index):561 Received summary data: {token: 'istic'}
(index):561 Received summary data: {token: ' view'}
(index):561 Received summary data: {token: ' on'}
(index):561 Received summary data: {token: ' life'}
(index):561 Received summary data: {token: ' and'}
(index):561 Received summary data: {token: ' happiness'}
(index):561 Received summary data: {token: '.'}
(index):561 Received summary data: {token: ' He'}
(index):561 Received summary data: {token: ' believed'}
(index):561 Received summary data: {token: ' that'}
(index):561 Received summary data: {token: ' life'}
(index):561 Received summary data: {token: ' is'}
(index):561 Received summary data: {token: ' filled'}
(index):561 Received summary data: {token: ' with'}
(index):561 Received summary data: {token: ' suffering'}
(index):561 Received summary data: {token: ' due'}
(index):561 Received summary data: {token: ' to'}
(index):561 Received summary data: {token: ' our'}
(index):561 Received summary data: {token: ' constant'}
(index):561 Received summary data: {token: ' striving'}
(index):561 Received summary data: {token: ' for'}
(index):561 Received summary data: {token: ' desires'}
(index):561 Received summary data: {token: ' which'}
(index):561 Received summary data: {token: ' ultimately'}
(index):561 Received summary data: {token: ' lead'}
(index):561 Received summary data: {token: ' to'}
(index):561 Received summary data: {token: ' dissatisfaction'}
(index):561 Received summary data: {token: '.'}
(index):561 Received summary data: {token: ' The'}
(index):561 Received summary data: {token: ' only'}
(index):561 Received summary data: {token: ' way'}
(index):561 Received summary data: {token: ' he'}
(index):561 Received summary data: {token: ' saw'}
(index):561 Received summary data: {token: ' to'}
(index):561 Received summary data: {token: ' find'}
(index):561 Received summary data: {token: ' lasting'}
(index):561 Received summary data: {token: ' peace'}
(index):561 Received summary data: {token: ' from'}
(index):561 Received summary data: {token: ' this'}
(index):561 Received summary data: {token: ' unh'}
(index):561 Received summary data: {token: 'appiness'}
(index):561 Received summary data: {token: ' was'}
(index):561 Received summary data: {token: ' through'}
(index):561 Received summary data: {token: ' asc'}
(index):561 Received summary data: {token: 'etic'}
(index):561 Received summary data: {token: 'ism'}
(index):561 Received summary data: {token: ' –'}
(index):561 Received summary data: {token: ' denying'}
(index):561 Received summary data: {token: ' ourselves'}
(index):561 Received summary data: {token: ' any'}
(index):561 Received summary data: {token: ' form'}
(index):561 Received summary data: {token: ' of'}
(index):561 Received summary data: {token: ' pleasure'}
(index):561 Received summary data: {token: ' or'}
(index):561 Received summary data: {token: ' desire'}
(index):561 Received summary data: {token: '.\n'}
(index):561 Received summary data: {token: ''}
(index):561 Received summary data: {final_output: {…}}
